#
# A fatal error has been detected by the Java Runtime Environment:
#
#  Internal Error (safepoint.cpp:712), pid=43369, tid=0x000000000000a203
#  fatal error: Illegal threadstate encountered: 4
#
# JRE version: Java(TM) SE Runtime Environment (8.0_111-b14) (build 1.8.0_111-b14)
# Java VM: Java HotSpot(TM) 64-Bit Server VM (25.111-b14 mixed mode bsd-amd64 compressed oops)
# Failed to write core dump. Core dumps have been disabled. To enable core dumping, try "ulimit -c unlimited" before starting Java again
#
# If you would like to submit a bug report, please visit:
#   http://bugreport.java.com/bugreport/crash.jsp
# The crash happened outside the Java Virtual Machine in native code.
# See problematic frame for where to report the bug.
#

---------------  T H R E A D  ---------------

Current thread (0x00007fb38891b800):  JavaThread "Thread-1" daemon [_thread_in_native, id=41475, stack(0x000070000e9d8000,0x000070000ead8000)]

Stack: [0x000070000e9d8000,0x000070000ead8000],  sp=0x000070000ead6c80,  free space=1019k
Native frames: (J=compiled Java code, j=interpreted, Vv=VM code, C=native code)
V  [libjvm.dylib+0x5afbde]
V  [libjvm.dylib+0x1e74a3]
V  [libjvm.dylib+0x4e05b5]
V  [libjvm.dylib+0x56919e]
V  [libjvm.dylib+0x169b4e]
V  [libjvm.dylib+0x313641]
C  [libglass.dylib+0x463f]  -[GlassRunnable dealloc]+0x2f
C  [libobjc.A.dylib+0x29e88]  _ZN11objc_object17sidetable_releaseEbb+0xee
C  [Foundation+0x81bee]  -[_NSThreadPerformInfo dealloc]+0x2a
C  [libobjc.A.dylib+0x29e88]  _ZN11objc_object17sidetable_releaseEbb+0xee
C  [Foundation+0x4e496]  -[NSObject(NSThreadPerformAdditions) performSelectorOnMainThread:withObject:waitUntilDone:]+0x7c
j  com.sun.glass.ui.mac.MacApplication._submitForLaterInvocation(Ljava/lang/Runnable;)V+0
j  com.sun.glass.ui.mac.MacApplication.submitForLaterInvocation(Ljava/lang/Runnable;)V+2
j  com.sun.glass.ui.InvokeLaterDispatcher.run()V+82
v  ~StubRoutines::call_stub
V  [libjvm.dylib+0x2ecf8a]
V  [libjvm.dylib+0x2ed718]
V  [libjvm.dylib+0x2ed8c4]
V  [libjvm.dylib+0x348039]
V  [libjvm.dylib+0x56a27b]
V  [libjvm.dylib+0x56b968]
V  [libjvm.dylib+0x489b0a]
C  [libsystem_pthread.dylib+0x64e1]  _pthread_start+0x7d
C  [libsystem_pthread.dylib+0x1f6b]  thread_start+0xf
C  0x0000000000000000

Java frames: (J=compiled Java code, j=interpreted, Vv=VM code)
j  com.sun.glass.ui.mac.MacApplication._submitForLaterInvocation(Ljava/lang/Runnable;)V+0
j  com.sun.glass.ui.mac.MacApplication.submitForLaterInvocation(Ljava/lang/Runnable;)V+2
j  com.sun.glass.ui.InvokeLaterDispatcher.run()V+82
v  ~StubRoutines::call_stub

---------------  P R O C E S S  ---------------

Java Threads: ( => current thread )
  0x00007fb386b44800 JavaThread "Prism Font Disposer" daemon [_thread_blocked, id=74507, stack(0x000070000ee6a000,0x000070000ef6a000)]
  0x00007fb387290000 JavaThread "JavaFX-Launcher" [_thread_blocked, id=31751, stack(0x000070000ed67000,0x000070000ee67000)]
  0x00007fb38897c000 JavaThread "mysql-cj-abandoned-connection-cleanup" daemon [_thread_blocked, id=48647, stack(0x000070000ec64000,0x000070000ed64000)]
  0x00007fb386994800 JavaThread "Thread-3" daemon [_thread_in_native, id=32519, stack(0x000070000eb5e000,0x000070000ebde000)]
  0x00007fb38696e000 JavaThread "JavaFX Application Thread" [_thread_in_native, id=259, stack(0x00007ff7b772a000,0x00007ff7b7f2a000)]
=>0x00007fb38891b800 JavaThread "Thread-1" daemon [_thread_in_native, id=41475, stack(0x000070000e9d8000,0x000070000ead8000)]
  0x00007fb388025800 JavaThread "QuantumRenderer-0" daemon [_thread_blocked, id=17411, stack(0x000070000e8d5000,0x000070000e9d5000)]
  0x00007fb38681c800 JavaThread "Service Thread" daemon [_thread_blocked, id=14083, stack(0x000070000e6cf000,0x000070000e7cf000)]
  0x00007fb38801e800 JavaThread "C1 CompilerThread2" daemon [_thread_blocked, id=13827, stack(0x000070000e5cc000,0x000070000e6cc000)]
  0x00007fb387099000 JavaThread "C2 CompilerThread1" daemon [_thread_blocked, id=18435, stack(0x000070000e4c9000,0x000070000e5c9000)]
  0x00007fb38700c800 JavaThread "C2 CompilerThread0" daemon [_thread_blocked, id=18691, stack(0x000070000e3c6000,0x000070000e4c6000)]
  0x00007fb38881d000 JavaThread "Signal Dispatcher" daemon [_thread_blocked, id=19203, stack(0x000070000e2c3000,0x000070000e3c3000)]
  0x00007fb386818800 JavaThread "Finalizer" daemon [_thread_blocked, id=11523, stack(0x000070000e0ba000,0x000070000e1ba000)]
  0x00007fb386816000 JavaThread "Reference Handler" daemon [_thread_blocked, id=21251, stack(0x000070000dfb7000,0x000070000e0b7000)]
  0x00007fb38700b800 JavaThread "main" [_thread_blocked, id=3587, stack(0x000070000d9a5000,0x000070000daa5000)]

Other Threads:
  0x00007fb387049800 VMThread [stack: 0x000070000deb4000,0x000070000dfb4000] [id=11011]
  0x00007fb38681a000 WatcherThread [stack: 0x000070000e7d2000,0x000070000e8d2000] [id=17667]

VM state:not at safepoint (normal execution)

VM Mutex/Monitor currently owned by a thread: None

Heap:
 PSYoungGen      total 38400K, used 6226K [0x0000000795580000, 0x0000000798000000, 0x00000007c0000000)
  eden space 33280K, 18% used [0x0000000795580000,0x0000000795b94a00,0x0000000797600000)
  from space 5120K, 0% used [0x0000000797b00000,0x0000000797b00000,0x0000000798000000)
  to   space 5120K, 0% used [0x0000000797600000,0x0000000797600000,0x0000000797b00000)
 ParOldGen       total 62464K, used 7621K [0x0000000740000000, 0x0000000743d00000, 0x0000000795580000)
  object space 62464K, 12% used [0x0000000740000000,0x0000000740771698,0x0000000743d00000)
 Metaspace       used 21736K, capacity 22490K, committed 22656K, reserved 1069056K
  class space    used 2914K, capacity 3098K, committed 3200K, reserved 1048576K

Card table byte_map: [0x0000000108593000,0x0000000108994000] byte_map_base: 0x0000000104b93000

Marking Bits: (ParMarkBitMap*) 0x0000000109968d20
 Begin Bits: [0x000000010a01a000, 0x000000010c01a000)
 End Bits:   [0x000000010c01a000, 0x000000010e01a000)

Polling page: 0x000000010810e000

CodeCache: size=245760Kb used=5698Kb max_used=5698Kb free=240061Kb
 bounds [0x0000000110ddd000, 0x000000011137d000, 0x000000011fddd000]
 total_blobs=2546 nmethods=1827 adapters=632
 compilation: enabled

Compilation events (10 events):
Event: 8.187 Thread 0x00007fb38801e800 nmethod 1817 0x000000011136c1d0 code [0x000000011136c3a0, 0x000000011136cb18]
Event: 8.199 Thread 0x00007fb38801e800 1819       3       sun.util.logging.PlatformLogger$DefaultLoggerProxy::isLoggable (29 bytes)
Event: 8.200 Thread 0x00007fb38801e800 nmethod 1819 0x000000011136ced0 code [0x000000011136d060, 0x000000011136d590]
Event: 8.200 Thread 0x00007fb38801e800 1820       3       com.sun.javafx.geom.RectBounds::deriveWithNewBounds (80 bytes)
Event: 8.200 Thread 0x00007fb38801e800 nmethod 1820 0x000000011136d750 code [0x000000011136d900, 0x000000011136dfa8]
Event: 8.200 Thread 0x00007fb38801e800 1822       3       java.lang.Math::max (46 bytes)
Event: 8.200 Thread 0x00007fb38801e800 nmethod 1822 0x000000011136e210 code [0x000000011136e380, 0x000000011136e6d0]
Event: 8.200 Thread 0x00007fb38801e800 1821       3       javafx.scene.Node::impl_getPeer (57 bytes)
Event: 8.201 Thread 0x00007fb38801e800 nmethod 1821 0x000000011136e750 code [0x000000011136e8c0, 0x000000011136ebc8]
Event: 8.201 Thread 0x00007fb38801e800 1826       3       com.sun.prism.impl.BaseTexture::assertLocked (8 bytes)

GC Heap History (6 events):
Event: 2.666 GC heap before
{Heap before GC invocations=1 (full 0):
 PSYoungGen      total 38400K, used 33280K [0x0000000795580000, 0x0000000798000000, 0x00000007c0000000)
  eden space 33280K, 100% used [0x0000000795580000,0x0000000797600000,0x0000000797600000)
  from space 5120K, 0% used [0x0000000797b00000,0x0000000797b00000,0x0000000798000000)
  to   space 5120K, 0% used [0x0000000797600000,0x0000000797600000,0x0000000797b00000)
 ParOldGen       total 87552K, used 0K [0x0000000740000000, 0x0000000745580000, 0x0000000795580000)
  object space 87552K, 0% used [0x0000000740000000,0x0000000740000000,0x0000000745580000)
 Metaspace       used 15490K, capacity 15918K, committed 16128K, reserved 1062912K
  class space    used 1825K, capacity 1941K, committed 2048K, reserved 1048576K
Event: 2.684 GC heap after
Heap after GC invocations=1 (full 0):
 PSYoungGen      total 38400K, used 5119K [0x0000000795580000, 0x0000000798000000, 0x00000007c0000000)
  eden space 33280K, 0% used [0x0000000795580000,0x0000000795580000,0x0000000797600000)
  from space 5120K, 99% used [0x0000000797600000,0x0000000797affd40,0x0000000797b00000)
  to   space 5120K, 0% used [0x0000000797b00000,0x0000000797b00000,0x0000000798000000)
 ParOldGen       total 87552K, used 2653K [0x0000000740000000, 0x0000000745580000, 0x0000000795580000)
  object space 87552K, 3% used [0x0000000740000000,0x0000000740297568,0x0000000745580000)
 Metaspace       used 15490K, capacity 15918K, committed 16128K, reserved 1062912K
  class space    used 1825K, capacity 1941K, committed 2048K, reserved 1048576K
}
Event: 3.708 GC heap before
{Heap before GC invocations=2 (full 0):
 PSYoungGen      total 38400K, used 20090K [0x0000000795580000, 0x0000000798000000, 0x00000007c0000000)
  eden space 33280K, 44% used [0x0000000795580000,0x000000079641edb0,0x0000000797600000)
  from space 5120K, 99% used [0x0000000797600000,0x0000000797affd40,0x0000000797b00000)
  to   space 5120K, 0% used [0x0000000797b00000,0x0000000797b00000,0x0000000798000000)
 ParOldGen       total 87552K, used 2653K [0x0000000740000000, 0x0000000745580000, 0x0000000795580000)
  object space 87552K, 3% used [0x0000000740000000,0x0000000740297568,0x0000000745580000)
 Metaspace       used 20680K, capacity 21258K, committed 21296K, reserved 1067008K
  class space    used 2773K, capacity 2914K, committed 2944K, reserved 1048576K
Event: 3.722 GC heap after
Heap after GC invocations=2 (full 0):
 PSYoungGen      total 38400K, used 5088K [0x0000000795580000, 0x0000000798000000, 0x00000007c0000000)
  eden space 33280K, 0% used [0x0000000795580000,0x0000000795580000,0x0000000797600000)
  from space 5120K, 99% used [0x0000000797b00000,0x0000000797ff8040,0x0000000798000000)
  to   space 5120K, 0% used [0x0000000797600000,0x0000000797600000,0x0000000797b00000)
 ParOldGen       total 87552K, used 5232K [0x0000000740000000, 0x0000000745580000, 0x0000000795580000)
  object space 87552K, 5% used [0x0000000740000000,0x000000074051c1e0,0x0000000745580000)
 Metaspace       used 20680K, capacity 21258K, committed 21296K, reserved 1067008K
  class space    used 2773K, capacity 2914K, committed 2944K, reserved 1048576K
}
Event: 3.722 GC heap before
{Heap before GC invocations=3 (full 1):
 PSYoungGen      total 38400K, used 5088K [0x0000000795580000, 0x0000000798000000, 0x00000007c0000000)
  eden space 33280K, 0% used [0x0000000795580000,0x0000000795580000,0x0000000797600000)
  from space 5120K, 99% used [0x0000000797b00000,0x0000000797ff8040,0x0000000798000000)
  to   space 5120K, 0% used [0x0000000797600000,0x0000000797600000,0x0000000797b00000)
 ParOldGen       total 87552K, used 5232K [0x0000000740000000, 0x0000000745580000, 0x0000000795580000)
  object space 87552K, 5% used [0x0000000740000000,0x000000074051c1e0,0x0000000745580000)
 Metaspace       used 20680K, capacity 21258K, committed 21296K, reserved 1067008K
  class space    used 2773K, capacity 2914K, committed 2944K, reserved 1048576K
Event: 3.766 GC heap after
Heap after GC invocations=3 (full 1):
 PSYoungGen      total 38400K, used 0K [0x0000000795580000, 0x0000000798000000, 0x00000007c0000000)
  eden space 33280K, 0% used [0x0000000795580000,0x0000000795580000,0x0000000797600000)
  from space 5120K, 0% used [0x0000000797b00000,0x0000000797b00000,0x0000000798000000)
  to   space 5120K, 0% used [0x0000000797600000,0x0000000797600000,0x0000000797b00000)
 ParOldGen       total 62464K, used 7621K [0x0000000740000000, 0x0000000743d00000, 0x0000000795580000)
  object space 62464K, 12% used [0x0000000740000000,0x0000000740771698,0x0000000743d00000)
 Metaspace       used 20680K, capacity 21258K, committed 21296K, reserved 1067008K
  class space    used 2773K, capacity 2914K, committed 2944K, reserved 1048576K
}

Deoptimization events (10 events):
Event: 3.081 Thread 0x00007fb38696e000 Uncommon trap: reason=class_check action=maybe_recompile pc=0x00000001111ad104 method=java.io.DataInputStream.readShort()S @ 4
Event: 3.081 Thread 0x00007fb38696e000 Uncommon trap: reason=class_check action=maybe_recompile pc=0x00000001111ad104 method=java.io.DataInputStream.readShort()S @ 4
Event: 3.087 Thread 0x00007fb38696e000 Uncommon trap: reason=class_check action=maybe_recompile pc=0x0000000110ef625c method=java.lang.String.equals(Ljava/lang/Object;)Z @ 8
Event: 3.087 Thread 0x00007fb38696e000 Uncommon trap: reason=class_check action=maybe_recompile pc=0x0000000110ef625c method=java.lang.String.equals(Ljava/lang/Object;)Z @ 8
Event: 3.087 Thread 0x00007fb38696e000 Uncommon trap: reason=class_check action=maybe_recompile pc=0x0000000110ef625c method=java.lang.String.equals(Ljava/lang/Object;)Z @ 8
Event: 3.089 Thread 0x00007fb38696e000 Uncommon trap: reason=class_check action=maybe_recompile pc=0x0000000110ef625c method=java.lang.String.equals(Ljava/lang/Object;)Z @ 8
Event: 3.482 Thread 0x00007fb38696e000 Uncommon trap: reason=unstable_if action=reinterpret pc=0x00000001110fe480 method=java.lang.CharacterData.of(I)Ljava/lang/CharacterData; @ 4
Event: 3.621 Thread 0x00007fb38696e000 Uncommon trap: reason=unstable_if action=reinterpret pc=0x00000001111ff4ec method=java.lang.ClassLoader.checkName(Ljava/lang/String;)Z @ 20
Event: 3.867 Thread 0x00007fb388025800 Uncommon trap: reason=unstable_if action=reinterpret pc=0x00000001111afdac method=sun.net.www.ParseUtil.encodePath(Ljava/lang/String;Z)Ljava/lang/String; @ 109
Event: 5.318 Thread 0x00007fb38696e000 Uncommon trap: reason=unstable_if action=reinterpret pc=0x00000001111c9eb4 method=jdk.internal.org.objectweb.asm.Type.getArgumentsAndReturnSizes(Ljava/lang/String;)I @ 47

Internal exceptions (10 events):
Event: 0.412 Thread 0x00007fb38700b800 Exception <a 'java/security/PrivilegedActionException'> (0x000000079584f070) thrown at [/Users/java_re/workspace/8-2-build-macosx-x86_64/jdk8u111/7883/hotspot/src/share/vm/prims/jvm.cpp, line 1386]
Event: 0.413 Thread 0x00007fb38700b800 Exception <a 'java/security/PrivilegedActionException'> (0x0000000795852378) thrown at [/Users/java_re/workspace/8-2-build-macosx-x86_64/jdk8u111/7883/hotspot/src/share/vm/prims/jvm.cpp, line 1386]
Event: 0.413 Thread 0x00007fb38700b800 Exception <a 'java/security/PrivilegedActionException'> (0x0000000795852588) thrown at [/Users/java_re/workspace/8-2-build-macosx-x86_64/jdk8u111/7883/hotspot/src/share/vm/prims/jvm.cpp, line 1386]
Event: 0.414 Thread 0x00007fb38700b800 Exception <a 'java/lang/NullPointerException'> (0x0000000795852b60) thrown at [/Users/java_re/workspace/8-2-build-macosx-x86_64/jdk8u111/7883/hotspot/src/share/vm/interpreter/linkResolver.cpp, line 1178]
Event: 2.611 Thread 0x00007fb38696e000 Exception <a 'java/lang/NullPointerException'> (0x00000007974e4a30) thrown at [/Users/java_re/workspace/8-2-build-macosx-x86_64/jdk8u111/7883/hotspot/src/share/vm/interpreter/linkResolver.cpp, line 1178]
Event: 2.611 Thread 0x00007fb38696e000 Exception <a 'java/lang/NullPointerException'> (0x00000007974e4a30) thrown at [/Users/java_re/workspace/8-2-build-macosx-x86_64/jdk8u111/7883/hotspot/src/share/vm/prims/jvm.cpp, line 1390]
Event: 2.800 Thread 0x00007fb38696e000 Exception <a 'java/lang/ArrayIndexOutOfBoundsException'> (0x00000007958b2a80) thrown at [/Users/java_re/workspace/8-2-build-macosx-x86_64/jdk8u111/7883/hotspot/src/share/vm/runtime/sharedRuntime.cpp, line 605]
Event: 2.800 Thread 0x00007fb38696e000 Exception <a 'java/lang/ArrayIndexOutOfBoundsException'> (0x00000007958b3598) thrown at [/Users/java_re/workspace/8-2-build-macosx-x86_64/jdk8u111/7883/hotspot/src/share/vm/runtime/sharedRuntime.cpp, line 605]
Event: 2.801 Thread 0x00007fb38696e000 Exception <a 'java/lang/ArrayIndexOutOfBoundsException'> (0x00000007958b4940) thrown at [/Users/java_re/workspace/8-2-build-macosx-x86_64/jdk8u111/7883/hotspot/src/share/vm/runtime/sharedRuntime.cpp, line 605]
Event: 2.932 Thread 0x00007fb38696e000 Implicit null exception at 0x00000001111dccf5 to 0x00000001111dcf31

Events (10 events):
Event: 5.336 loading class com/sun/prism/impl/ps/CachingShapeRepState$CSRDisposerRecord
Event: 5.336 loading class com/sun/prism/impl/ps/CachingShapeRepState$CSRDisposerRecord done
Event: 6.016 loading class com/sun/javafx/tk/quantum/GlassViewEventHandler
Event: 6.016 loading class com/sun/javafx/tk/quantum/GlassViewEventHandler done
Event: 6.016 loading class com/sun/javafx/scene/input/KeyCodeMap
Event: 6.016 loading class com/sun/javafx/scene/input/KeyCodeMap done
Event: 6.018 loading class com/sun/javafx/geometry/BoundsUtils
Event: 6.018 loading class com/sun/javafx/geometry/BoundsUtils done
Event: 6.019 loading class com/sun/prism/shape/ShapeRep$InvalidationType
Event: 6.019 loading class com/sun/prism/shape/ShapeRep$InvalidationType done


Dynamic libraries:
0x0000000001c77000 	/System/Library/Frameworks/Cocoa.framework/Versions/A/Cocoa
0x0000000001c77000 	/System/Library/Frameworks/AppKit.framework/Versions/C/AppKit
0x0000000001c77000 	/System/Library/Frameworks/CoreData.framework/Versions/A/CoreData
0x0000000001c77000 	/System/Library/Frameworks/Foundation.framework/Versions/C/Foundation
0x0000000001c77000 	/usr/lib/libSystem.B.dylib
0x0000000001c77000 	/System/Library/PrivateFrameworks/UIFoundation.framework/Versions/A/UIFoundation
0x0000000001c77000 	/System/Library/PrivateFrameworks/RemoteViewServices.framework/Versions/A/RemoteViewServices
0x0000000001c77000 	/System/Library/PrivateFrameworks/XCTTargetBootstrap.framework/Versions/A/XCTTargetBootstrap
0x0000000001c77000 	/System/Library/PrivateFrameworks/InternationalSupport.framework/Versions/A/InternationalSupport
0x0000000001c77000 	/System/Library/PrivateFrameworks/UserActivity.framework/Versions/A/UserActivity
0x0000000001c77000 	/usr/lib/libspindump.dylib
0x0000000001c77000 	/System/Library/Frameworks/UniformTypeIdentifiers.framework/Versions/A/UniformTypeIdentifiers
0x0000000001c77000 	/usr/lib/libapp_launch_measurement.dylib
0x0000000001c77000 	/System/Library/PrivateFrameworks/CoreAnalytics.framework/Versions/A/CoreAnalytics
0x0000000001c77000 	/System/Library/PrivateFrameworks/CoreAutoLayout.framework/Versions/A/CoreAutoLayout
0x0000000001c77000 	/System/Library/Frameworks/Metal.framework/Versions/A/Metal
0x0000000001c77000 	/usr/lib/liblangid.dylib
0x0000000001c77000 	/System/Library/PrivateFrameworks/CoreSVG.framework/Versions/A/CoreSVG
0x0000000001c77000 	/System/Library/PrivateFrameworks/SkyLight.framework/Versions/A/SkyLight
0x0000000001c77000 	/System/Library/Frameworks/CoreGraphics.framework/Versions/A/CoreGraphics
0x0000000001c77000 	/System/Library/Frameworks/Accelerate.framework/Versions/A/Accelerate
0x0000000001c77000 	/System/Library/PrivateFrameworks/IconServices.framework/Versions/A/IconServices
0x0000000001c77000 	/System/Library/Frameworks/IOSurface.framework/Versions/A/IOSurface
0x0000000001c77000 	/usr/lib/libDiagnosticMessagesClient.dylib
0x0000000001c77000 	/usr/lib/libz.1.dylib
0x0000000001c77000 	/System/Library/Frameworks/ApplicationServices.framework/Versions/A/ApplicationServices
0x0000000001c77000 	/System/Library/PrivateFrameworks/DFRFoundation.framework/Versions/A/DFRFoundation
0x0000000001c77000 	/usr/lib/libicucore.A.dylib
0x0000000001c77000 	/System/Library/Frameworks/AudioToolbox.framework/Versions/A/AudioToolbox
0x0000000001c77000 	/System/Library/PrivateFrameworks/DataDetectorsCore.framework/Versions/A/DataDetectorsCore
0x0000000001c77000 	/System/Library/PrivateFrameworks/TextInput.framework/Versions/A/TextInput
0x0000000001c77000 	/usr/lib/libMobileGestalt.dylib
0x0000000001c77000 	/System/Library/Frameworks/Carbon.framework/Versions/A/Frameworks/HIToolbox.framework/Versions/A/HIToolbox
0x0000000001c77000 	/System/Library/Frameworks/QuartzCore.framework/Versions/A/QuartzCore
0x0000000001c77000 	/System/Library/Frameworks/Security.framework/Versions/A/Security
0x0000000001c77000 	/System/Library/Frameworks/Carbon.framework/Versions/A/Frameworks/SpeechRecognition.framework/Versions/A/SpeechRecognition
0x0000000001c77000 	/System/Library/PrivateFrameworks/CoreUI.framework/Versions/A/CoreUI
0x0000000001c77000 	/System/Library/Frameworks/CoreAudio.framework/Versions/A/CoreAudio
0x0000000001c77000 	/System/Library/Frameworks/DiskArbitration.framework/Versions/A/DiskArbitration
0x0000000001c77000 	/System/Library/PrivateFrameworks/MultitouchSupport.framework/Versions/A/MultitouchSupport
0x0000000001c77000 	/usr/lib/libenergytrace.dylib
0x0000000001c77000 	/System/Library/Frameworks/IOKit.framework/Versions/A/IOKit
0x0000000001c77000 	/System/Library/Frameworks/CoreServices.framework/Versions/A/CoreServices
0x0000000001c77000 	/System/Library/PrivateFrameworks/PerformanceAnalysis.framework/Versions/A/PerformanceAnalysis
0x0000000001c77000 	/System/Library/Frameworks/OpenGL.framework/Versions/A/OpenGL
0x0000000001c77000 	/System/Library/PrivateFrameworks/MobileKeyBag.framework/Versions/A/MobileKeyBag
0x0000000001c77000 	/usr/lib/libobjc.A.dylib
0x0000000001c77000 	/System/Library/Frameworks/ColorSync.framework/Versions/A/ColorSync
0x0000000001c77000 	/System/Library/Frameworks/CoreFoundation.framework/Versions/A/CoreFoundation
0x0000000001c77000 	/System/Library/Frameworks/CoreImage.framework/Versions/A/CoreImage
0x0000000001c77000 	/System/Library/Frameworks/CoreText.framework/Versions/A/CoreText
0x0000000001c77000 	/System/Library/Frameworks/ImageIO.framework/Versions/A/ImageIO
0x0000000001c77000 	/System/Library/PrivateFrameworks/SoftLinking.framework/Versions/A/SoftLinking
0x0000000001c77000 	/usr/lib/libxml2.2.dylib
0x0000000001c77000 	/usr/lib/libc++.1.dylib
0x0000000001c77000 	/usr/lib/libcompression.dylib
0x0000000001c77000 	/System/Library/PrivateFrameworks/TextureIO.framework/Versions/A/TextureIO
0x0000000001c77000 	/usr/lib/libate.dylib
0x0000000001c77000 	/usr/lib/system/libcache.dylib
0x0000000001c77000 	/usr/lib/system/libcommonCrypto.dylib
0x0000000001c77000 	/usr/lib/system/libcompiler_rt.dylib
0x0000000001c77000 	/usr/lib/system/libcopyfile.dylib
0x0000000001c77000 	/usr/lib/system/libcorecrypto.dylib
0x0000000001c77000 	/usr/lib/system/libdispatch.dylib
0x0000000001c77000 	/usr/lib/system/libdyld.dylib
0x0000000001c77000 	/usr/lib/system/libkeymgr.dylib
0x0000000001c77000 	/usr/lib/system/libmacho.dylib
0x0000000001c77000 	/usr/lib/system/libquarantine.dylib
0x0000000001c77000 	/usr/lib/system/libremovefile.dylib
0x0000000001c77000 	/usr/lib/system/libsystem_asl.dylib
0x0000000001c77000 	/usr/lib/system/libsystem_blocks.dylib
0x0000000001c77000 	/usr/lib/system/libsystem_c.dylib
0x0000000001c77000 	/usr/lib/system/libsystem_collections.dylib
0x0000000001c77000 	/usr/lib/system/libsystem_configuration.dylib
0x0000000001c77000 	/usr/lib/system/libsystem_containermanager.dylib
0x0000000001c77000 	/usr/lib/system/libsystem_coreservices.dylib
0x0000000001c77000 	/usr/lib/system/libsystem_darwin.dylib
0x0000000001c77000 	/usr/lib/system/libsystem_dnssd.dylib
0x0000000001c77000 	/usr/lib/system/libsystem_featureflags.dylib
0x0000000001c77000 	/usr/lib/system/libsystem_info.dylib
0x0000000001c77000 	/usr/lib/system/libsystem_m.dylib
0x0000000001c77000 	/usr/lib/system/libsystem_malloc.dylib
0x0000000001c77000 	/usr/lib/system/libsystem_networkextension.dylib
0x0000000001c77000 	/usr/lib/system/libsystem_notify.dylib
0x0000000001c77000 	/usr/lib/system/libsystem_product_info_filter.dylib
0x0000000001c77000 	/usr/lib/system/libsystem_sandbox.dylib
0x0000000001c77000 	/usr/lib/system/libsystem_secinit.dylib
0x0000000001c77000 	/usr/lib/system/libsystem_kernel.dylib
0x0000000001c77000 	/usr/lib/system/libsystem_platform.dylib
0x0000000001c77000 	/usr/lib/system/libsystem_pthread.dylib
0x0000000001c77000 	/usr/lib/system/libsystem_symptoms.dylib
0x0000000001c77000 	/usr/lib/system/libsystem_trace.dylib
0x0000000001c77000 	/usr/lib/system/libunwind.dylib
0x0000000001c77000 	/usr/lib/system/libxpc.dylib
0x0000000001c77000 	/usr/lib/libc++abi.dylib
0x0000000001c77000 	/usr/lib/liboah.dylib
0x0000000001c77000 	/usr/lib/liblzma.5.dylib
0x0000000001c77000 	/System/Library/Frameworks/SystemConfiguration.framework/Versions/A/SystemConfiguration
0x0000000001c77000 	/usr/lib/libfakelink.dylib
0x0000000001c77000 	/System/Library/Frameworks/CFNetwork.framework/Versions/A/CFNetwork
0x0000000001c77000 	/usr/lib/libarchive.2.dylib
0x0000000001c77000 	/System/Library/PrivateFrameworks/AppleSystemInfo.framework/Versions/A/AppleSystemInfo
0x0000000001c77000 	/usr/lib/libbsm.0.dylib
0x0000000001c77000 	/usr/lib/libnetwork.dylib
0x0000000001c77000 	/usr/lib/system/libkxld.dylib
0x0000000001c77000 	/System/Library/PrivateFrameworks/IOMobileFramebuffer.framework/Versions/A/IOMobileFramebuffer
0x0000000001c77000 	/usr/lib/libCoreEntitlements.dylib
0x0000000001c77000 	/System/Library/PrivateFrameworks/AppleFSCompression.framework/Versions/A/AppleFSCompression
0x0000000001c77000 	/usr/lib/libcoretls.dylib
0x0000000001c77000 	/usr/lib/libcoretls_cfhelpers.dylib
0x0000000001c77000 	/usr/lib/libpam.2.dylib
0x0000000001c77000 	/usr/lib/libsqlite3.dylib
0x0000000001c77000 	/usr/lib/libxar.1.dylib
0x0000000001c77000 	/usr/lib/libbz2.1.0.dylib
0x0000000001c77000 	/usr/lib/libpcap.A.dylib
0x0000000001c77000 	/usr/lib/libdns_services.dylib
0x0000000001c77000 	/usr/lib/libapple_nghttp2.dylib
0x0000000001c77000 	/usr/lib/libiconv.2.dylib
0x0000000001c77000 	/usr/lib/libcharset.1.dylib
0x0000000001c77000 	/System/Library/Frameworks/CoreServices.framework/Versions/A/Frameworks/FSEvents.framework/Versions/A/FSEvents
0x0000000001c77000 	/System/Library/Frameworks/CoreServices.framework/Versions/A/Frameworks/CarbonCore.framework/Versions/A/CarbonCore
0x0000000001c77000 	/System/Library/Frameworks/CoreServices.framework/Versions/A/Frameworks/Metadata.framework/Versions/A/Metadata
0x0000000001c77000 	/System/Library/Frameworks/CoreServices.framework/Versions/A/Frameworks/OSServices.framework/Versions/A/OSServices
0x0000000001c77000 	/System/Library/Frameworks/CoreServices.framework/Versions/A/Frameworks/SearchKit.framework/Versions/A/SearchKit
0x0000000001c77000 	/System/Library/Frameworks/CoreServices.framework/Versions/A/Frameworks/AE.framework/Versions/A/AE
0x0000000001c77000 	/System/Library/Frameworks/CoreServices.framework/Versions/A/Frameworks/LaunchServices.framework/Versions/A/LaunchServices
0x0000000001c77000 	/System/Library/Frameworks/CoreServices.framework/Versions/A/Frameworks/DictionaryServices.framework/Versions/A/DictionaryServices
0x0000000001c77000 	/System/Library/Frameworks/CoreServices.framework/Versions/A/Frameworks/SharedFileList.framework/Versions/A/SharedFileList
0x0000000001c77000 	/usr/lib/libCheckFix.dylib
0x0000000001c77000 	/System/Library/PrivateFrameworks/TCC.framework/Versions/A/TCC
0x0000000001c77000 	/System/Library/PrivateFrameworks/CoreNLP.framework/Versions/A/CoreNLP
0x0000000001c77000 	/System/Library/PrivateFrameworks/MetadataUtilities.framework/Versions/A/MetadataUtilities
0x0000000001c77000 	/usr/lib/libmecabra.dylib
0x0000000001c77000 	/usr/lib/libmecab.dylib
0x0000000001c77000 	/usr/lib/libCRFSuite.dylib
0x0000000001c77000 	/usr/lib/libgermantok.dylib
0x0000000001c77000 	/usr/lib/libThaiTokenizer.dylib
0x0000000001c77000 	/System/Library/Frameworks/Accelerate.framework/Versions/A/Frameworks/vImage.framework/Versions/A/vImage
0x0000000001c77000 	/System/Library/Frameworks/Accelerate.framework/Versions/A/Frameworks/vecLib.framework/Versions/A/vecLib
0x0000000001c77000 	/System/Library/Frameworks/Accelerate.framework/Versions/A/Frameworks/vecLib.framework/Versions/A/libvMisc.dylib
0x0000000001c77000 	/System/Library/Frameworks/Accelerate.framework/Versions/A/Frameworks/vecLib.framework/Versions/A/libvDSP.dylib
0x0000000001c77000 	/System/Library/Frameworks/Accelerate.framework/Versions/A/Frameworks/vecLib.framework/Versions/A/libBLAS.dylib
0x0000000001c77000 	/System/Library/Frameworks/Accelerate.framework/Versions/A/Frameworks/vecLib.framework/Versions/A/libLAPACK.dylib
0x0000000001c77000 	/System/Library/Frameworks/Accelerate.framework/Versions/A/Frameworks/vecLib.framework/Versions/A/libLinearAlgebra.dylib
0x0000000001c77000 	/System/Library/Frameworks/Accelerate.framework/Versions/A/Frameworks/vecLib.framework/Versions/A/libSparseBLAS.dylib
0x0000000001c77000 	/System/Library/Frameworks/Accelerate.framework/Versions/A/Frameworks/vecLib.framework/Versions/A/libQuadrature.dylib
0x0000000001c77000 	/System/Library/Frameworks/Accelerate.framework/Versions/A/Frameworks/vecLib.framework/Versions/A/libBNNS.dylib
0x0000000001c77000 	/System/Library/Frameworks/Accelerate.framework/Versions/A/Frameworks/vecLib.framework/Versions/A/libSparse.dylib
0x0000000001c77000 	/System/Library/PrivateFrameworks/LinguisticData.framework/Versions/A/LinguisticData
0x0000000001c77000 	/System/Library/PrivateFrameworks/Lexicon.framework/Versions/A/Lexicon
0x0000000001c77000 	/usr/lib/libChineseTokenizer.dylib
0x0000000001c77000 	/System/Library/PrivateFrameworks/LanguageModeling.framework/Versions/A/LanguageModeling
0x0000000001c77000 	/System/Library/PrivateFrameworks/AppleSauce.framework/Versions/A/AppleSauce
0x0000000001c77000 	/System/Library/PrivateFrameworks/CoreEmoji.framework/Versions/A/CoreEmoji
0x0000000001c77000 	/usr/lib/libcmph.dylib
0x0000000001c77000 	/System/Library/Frameworks/OpenDirectory.framework/Versions/A/Frameworks/CFOpenDirectory.framework/Versions/A/CFOpenDirectory
0x0000000001c77000 	/System/Library/Frameworks/OpenDirectory.framework/Versions/A/OpenDirectory
0x0000000001c77000 	/System/Library/PrivateFrameworks/APFS.framework/Versions/A/APFS
0x0000000001c77000 	/System/Library/Frameworks/SecurityFoundation.framework/Versions/A/SecurityFoundation
0x0000000001c77000 	/usr/lib/libutil.dylib
0x0000000001c77000 	/System/Library/PrivateFrameworks/CoreServicesStore.framework/Versions/A/CoreServicesStore
0x0000000001c77000 	/usr/lib/libxslt.1.dylib
0x0000000001c77000 	/System/Library/PrivateFrameworks/BackgroundTaskManagement.framework/Versions/A/BackgroundTaskManagement
0x0000000001c77000 	/System/Library/Frameworks/ImageIO.framework/Versions/A/Resources/libRadiance.dylib
0x0000000001c77000 	/System/Library/Frameworks/ImageIO.framework/Versions/A/Resources/libJPEG.dylib
0x0000000001c77000 	/System/Library/Frameworks/ImageIO.framework/Versions/A/Resources/libPng.dylib
0x0000000001c77000 	/System/Library/Frameworks/ImageIO.framework/Versions/A/Resources/libTIFF.dylib
0x0000000001c77000 	/System/Library/Frameworks/ImageIO.framework/Versions/A/Resources/libGIF.dylib
0x0000000001c77000 	/System/Library/Frameworks/ImageIO.framework/Versions/A/Resources/libJP2.dylib
0x0000000001c77000 	/usr/lib/libexpat.1.dylib
0x0000000001c77000 	/System/Library/PrivateFrameworks/AppleJPEG.framework/Versions/A/AppleJPEG
0x0000000001c77000 	/System/Library/PrivateFrameworks/FontServices.framework/libFontParser.dylib
0x0000000001c77000 	/System/Library/PrivateFrameworks/RunningBoardServices.framework/Versions/A/RunningBoardServices
0x0000000001c77000 	/System/Library/PrivateFrameworks/IOSurfaceAccelerator.framework/Versions/A/IOSurfaceAccelerator
0x0000000001c77000 	/System/Library/PrivateFrameworks/WatchdogClient.framework/Versions/A/WatchdogClient
0x0000000001c77000 	/System/Library/Frameworks/CoreDisplay.framework/Versions/A/CoreDisplay
0x0000000001c77000 	/System/Library/Frameworks/CoreMedia.framework/Versions/A/CoreMedia
0x0000000001c77000 	/System/Library/PrivateFrameworks/IOAccelerator.framework/Versions/A/IOAccelerator
0x0000000001c77000 	/System/Library/Frameworks/CoreVideo.framework/Versions/A/CoreVideo
0x0000000001c77000 	/System/Library/Frameworks/MetalPerformanceShaders.framework/Versions/A/MetalPerformanceShaders
0x0000000001c77000 	/System/Library/Frameworks/VideoToolbox.framework/Versions/A/VideoToolbox
0x0000000001c77000 	/System/Library/PrivateFrameworks/BaseBoard.framework/Versions/A/BaseBoard
0x0000000001c77000 	/System/Library/PrivateFrameworks/ProtocolBuffer.framework/Versions/A/ProtocolBuffer
0x0000000001c77000 	/System/Library/PrivateFrameworks/GPUWrangler.framework/Versions/A/GPUWrangler
0x0000000001c77000 	/System/Library/PrivateFrameworks/IOPresentment.framework/Versions/A/IOPresentment
0x0000000001c77000 	/System/Library/PrivateFrameworks/DSExternalDisplay.framework/Versions/A/DSExternalDisplay
0x0000000001c77000 	/System/Library/Frameworks/OpenGL.framework/Versions/A/Libraries/libCoreFSCache.dylib
0x0000000001c77000 	/System/Library/PrivateFrameworks/GPUCompiler.framework/Versions/31001/Libraries/libGPUCompilerUtils.dylib
0x0000000001c77000 	/System/Library/PrivateFrameworks/CMCaptureCore.framework/Versions/A/CMCaptureCore
0x0000000001c77000 	/System/Library/PrivateFrameworks/AppServerSupport.framework/Versions/A/AppServerSupport
0x0000000001c77000 	/System/Library/PrivateFrameworks/perfdata.framework/Versions/A/perfdata
0x0000000001c77000 	/System/Library/PrivateFrameworks/AudioToolboxCore.framework/Versions/A/AudioToolboxCore
0x0000000001c77000 	/System/Library/PrivateFrameworks/caulk.framework/Versions/A/caulk
0x0000000001c77000 	/usr/lib/libAudioStatistics.dylib
0x0000000001c77000 	/System/Library/PrivateFrameworks/SystemPolicy.framework/Versions/A/SystemPolicy
0x0000000001c77000 	/usr/lib/libSMC.dylib
0x0000000001c77000 	/System/Library/Frameworks/CoreMIDI.framework/Versions/A/CoreMIDI
0x0000000001c77000 	/usr/lib/libAudioToolboxUtility.dylib
0x0000000001c77000 	/System/Library/PrivateFrameworks/OSAServicesClient.framework/Versions/A/OSAServicesClient
0x0000000001c77000 	/usr/lib/libperfcheck.dylib
0x0000000001c77000 	/usr/lib/libmis.dylib
0x0000000001c77000 	/System/Library/Frameworks/OpenGL.framework/Versions/A/Libraries/libGLU.dylib
0x0000000001c77000 	/System/Library/Frameworks/OpenGL.framework/Versions/A/Libraries/libGFXShared.dylib
0x0000000001c77000 	/System/Library/Frameworks/OpenGL.framework/Versions/A/Libraries/libGL.dylib
0x0000000001c77000 	/System/Library/Frameworks/OpenGL.framework/Versions/A/Libraries/libGLImage.dylib
0x0000000001c77000 	/System/Library/Frameworks/OpenGL.framework/Versions/A/Libraries/libCVMSPluginSupport.dylib
0x0000000001c77000 	/System/Library/Frameworks/OpenGL.framework/Versions/A/Libraries/libCoreVMClient.dylib
0x0000000001c77000 	/System/Library/Frameworks/MetalPerformanceShaders.framework/Versions/A/Frameworks/MPSCore.framework/Versions/A/MPSCore
0x0000000001c77000 	/System/Library/Frameworks/MetalPerformanceShaders.framework/Versions/A/Frameworks/MPSImage.framework/Versions/A/MPSImage
0x0000000001c77000 	/System/Library/Frameworks/MetalPerformanceShaders.framework/Versions/A/Frameworks/MPSNeuralNetwork.framework/Versions/A/MPSNeuralNetwork
0x0000000001c77000 	/System/Library/Frameworks/MetalPerformanceShaders.framework/Versions/A/Frameworks/MPSMatrix.framework/Versions/A/MPSMatrix
0x0000000001c77000 	/System/Library/Frameworks/MetalPerformanceShaders.framework/Versions/A/Frameworks/MPSRayIntersector.framework/Versions/A/MPSRayIntersector
0x0000000001c77000 	/System/Library/Frameworks/MetalPerformanceShaders.framework/Versions/A/Frameworks/MPSNDArray.framework/Versions/A/MPSNDArray
0x0000000001c77000 	/System/Library/Frameworks/MetalPerformanceShaders.framework/Versions/A/Frameworks/MPSFunctions.framework/Versions/A/MPSFunctions
0x0000000001c77000 	/System/Library/PrivateFrameworks/MetalTools.framework/Versions/A/MetalTools
0x0000000001c77000 	/System/Library/PrivateFrameworks/AggregateDictionary.framework/Versions/A/AggregateDictionary
0x0000000001c77000 	/usr/lib/libIOReport.dylib
0x0000000001c77000 	/System/Library/Frameworks/OpenCL.framework/Versions/A/OpenCL
0x0000000001c77000 	/System/Library/PrivateFrameworks/FaceCore.framework/Versions/A/FaceCore
0x0000000001c77000 	/System/Library/PrivateFrameworks/GraphVisualizer.framework/Versions/A/GraphVisualizer
0x0000000001c77000 	/System/Library/PrivateFrameworks/FontServices.framework/Versions/A/FontServices
0x0000000001c77000 	/System/Library/PrivateFrameworks/OTSVG.framework/Versions/A/OTSVG
0x0000000001c77000 	/System/Library/Frameworks/ApplicationServices.framework/Versions/A/Frameworks/ATS.framework/Versions/A/Resources/libFontRegistry.dylib
0x0000000001c77000 	/System/Library/PrivateFrameworks/FontServices.framework/libhvf.dylib
0x0000000001c77000 	/System/Library/PrivateFrameworks/FontServices.framework/libXTFontStaticRegistryData.dylib
0x0000000001c77000 	/System/Library/PrivateFrameworks/AppleVA.framework/Versions/A/AppleVA
0x0000000001c77000 	/System/Library/Frameworks/ApplicationServices.framework/Versions/A/Frameworks/ATS.framework/Versions/A/ATS
0x0000000001c77000 	/System/Library/Frameworks/ApplicationServices.framework/Versions/A/Frameworks/HIServices.framework/Versions/A/HIServices
0x0000000001c77000 	/System/Library/Frameworks/ApplicationServices.framework/Versions/A/Frameworks/PrintCore.framework/Versions/A/PrintCore
0x0000000001c77000 	/System/Library/Frameworks/ApplicationServices.framework/Versions/A/Frameworks/QD.framework/Versions/A/QD
0x0000000001c77000 	/System/Library/Frameworks/ApplicationServices.framework/Versions/A/Frameworks/ColorSyncLegacy.framework/Versions/A/ColorSyncLegacy
0x0000000001c77000 	/System/Library/Frameworks/ApplicationServices.framework/Versions/A/Frameworks/SpeechSynthesis.framework/Versions/A/SpeechSynthesis
0x0000000001c77000 	/System/Library/Frameworks/ApplicationServices.framework/Versions/A/Frameworks/ATSUI.framework/Versions/A/ATSUI
0x0000000001c77000 	/usr/lib/libcups.2.dylib
0x0000000001c77000 	/System/Library/Frameworks/Kerberos.framework/Versions/A/Kerberos
0x0000000001c77000 	/System/Library/Frameworks/GSS.framework/Versions/A/GSS
0x0000000001c77000 	/usr/lib/libresolv.9.dylib
0x0000000001c77000 	/System/Library/PrivateFrameworks/Heimdal.framework/Versions/A/Heimdal
0x0000000001c77000 	/System/Library/Frameworks/Kerberos.framework/Versions/A/Libraries/libHeimdalProxy.dylib
0x0000000001c77000 	/System/Library/Frameworks/Network.framework/Versions/A/Network
0x0000000001c77000 	/usr/lib/libheimdal-asn1.dylib
0x0000000001c77000 	/System/Library/PrivateFrameworks/CommonAuth.framework/Versions/A/CommonAuth
0x0000000001c77000 	/System/Library/PrivateFrameworks/AudioSession.framework/Versions/A/AudioSession
0x0000000001c77000 	/System/Library/PrivateFrameworks/MediaExperience.framework/Versions/A/MediaExperience
0x0000000001c77000 	/System/Library/PrivateFrameworks/AudioSession.framework/libSessionUtility.dylib
0x0000000001c77000 	/System/Library/PrivateFrameworks/AudioResourceArbitration.framework/Versions/A/AudioResourceArbitration
0x0000000001c77000 	/System/Library/PrivateFrameworks/PowerLog.framework/Versions/A/PowerLog
0x0000000001c77000 	/System/Library/PrivateFrameworks/IconFoundation.framework/Versions/A/IconFoundation
0x0000000001c77000 	/System/Library/PrivateFrameworks/SpeechRecognitionCore.framework/Versions/A/SpeechRecognitionCore
0x0000000109079000 	/Library/Java/JavaVirtualMachines/jdk1.8.0_111.jdk/Contents/Home/jre/lib/server/libjvm.dylib
0x0000000001c77000 	/usr/lib/libstdc++.6.dylib
0x000000010811b000 	/Library/Java/JavaVirtualMachines/jdk1.8.0_111.jdk/Contents/Home/jre/lib/libverify.dylib
0x000000010815e000 	/Library/Java/JavaVirtualMachines/jdk1.8.0_111.jdk/Contents/Home/jre/lib/libjava.dylib
0x0000000108132000 	/Library/Java/JavaVirtualMachines/jdk1.8.0_111.jdk/Contents/Home/jre/lib/libzip.dylib
0x0000000001c77000 	/System/Library/Frameworks/JavaRuntimeSupport.framework/Versions/A/JavaRuntimeSupport
0x0000000001c77000 	/System/Library/Frameworks/Carbon.framework/Versions/A/Carbon
0x0000000001c77000 	/System/Library/PrivateFrameworks/CoreSymbolication.framework/Versions/A/CoreSymbolication
0x0000000001c77000 	/System/Library/Frameworks/Carbon.framework/Versions/A/Frameworks/CommonPanels.framework/Versions/A/CommonPanels
0x0000000001c77000 	/System/Library/Frameworks/Carbon.framework/Versions/A/Frameworks/Help.framework/Versions/A/Help
0x0000000001c77000 	/System/Library/Frameworks/Carbon.framework/Versions/A/Frameworks/ImageCapture.framework/Versions/A/ImageCapture
0x0000000001c77000 	/System/Library/Frameworks/Carbon.framework/Versions/A/Frameworks/OpenScripting.framework/Versions/A/OpenScripting
0x0000000001c77000 	/System/Library/Frameworks/Carbon.framework/Versions/A/Frameworks/Ink.framework/Versions/A/Ink
0x0000000001c77000 	/System/Library/Frameworks/Carbon.framework/Versions/A/Frameworks/Print.framework/Versions/A/Print
0x0000000001c77000 	/System/Library/Frameworks/Carbon.framework/Versions/A/Frameworks/SecurityHI.framework/Versions/A/SecurityHI
0x0000000001c77000 	/System/Library/PrivateFrameworks/DebugSymbols.framework/Versions/A/DebugSymbols
0x0000000109067000 	/Library/Java/JavaVirtualMachines/jdk1.8.0_111.jdk/Contents/Home/jre/lib/libprism_es2.dylib
0x0000000001c77000 	/System/Library/PrivateFrameworks/CoreServicesInternal.framework/Versions/A/CoreServicesInternal
0x0000000001c77000 	/System/Library/Frameworks/OpenGL.framework/Versions/A/Resources/GLEngine.bundle/GLEngine
0x0000000001c77000 	/System/Library/Frameworks/OpenGL.framework/Versions/A/Libraries/libGLProgrammability.dylib
0x0000000001c77000 	/System/Library/Extensions/AppleIntelSKLGraphicsGLDriver.bundle/Contents/MacOS/AppleIntelSKLGraphicsGLDriver
0x0000000001c77000 	/System/Library/PrivateFrameworks/GPUSupport.framework/Versions/A/Libraries/libGPUSupportMercury.dylib
0x0000000001c77000 	/System/Library/Frameworks/OpenGL.framework/Versions/A/Resources/GLRendererFloat.bundle/GLRendererFloat
0x0000000110c64000 	/Library/Java/JavaVirtualMachines/jdk1.8.0_111.jdk/Contents/Home/jre/lib/libglass.dylib
0x0000000001c77000 	/System/Library/Frameworks/FileProvider.framework/Versions/A/FileProvider
0x0000000001c77000 	/System/Library/Frameworks/Accounts.framework/Versions/A/Accounts
0x0000000001c77000 	/System/Library/PrivateFrameworks/GenerationalStorage.framework/Versions/A/GenerationalStorage
0x0000000001c77000 	/System/Library/PrivateFrameworks/SymptomDiagnosticReporter.framework/Versions/A/SymptomDiagnosticReporter
0x0000000001c77000 	/System/Library/PrivateFrameworks/DesktopServicesPriv.framework/Versions/A/DesktopServicesPriv
0x0000000001c77000 	/usr/lib/libsandbox.1.dylib
0x0000000001c77000 	/System/Library/PrivateFrameworks/UserManagement.framework/Versions/A/UserManagement
0x0000000001c77000 	/System/Library/PrivateFrameworks/NetAuth.framework/Versions/A/NetAuth
0x0000000001c77000 	/System/Library/PrivateFrameworks/Sharing.framework/Versions/A/Sharing
0x0000000001c77000 	/System/Library/PrivateFrameworks/login.framework/Versions/A/Frameworks/loginsupport.framework/Versions/A/loginsupport
0x0000000001c77000 	/System/Library/PrivateFrameworks/Apple80211.framework/Versions/A/Apple80211
0x0000000001c77000 	/System/Library/PrivateFrameworks/AuthKit.framework/Versions/A/AuthKit
0x0000000001c77000 	/System/Library/PrivateFrameworks/CoreUtils.framework/Versions/A/CoreUtils
0x0000000001c77000 	/System/Library/Frameworks/CoreWLAN.framework/Versions/A/CoreWLAN
0x0000000001c77000 	/System/Library/Frameworks/IOBluetooth.framework/Versions/A/IOBluetooth
0x0000000001c77000 	/System/Library/PrivateFrameworks/CoreWiFi.framework/Versions/A/CoreWiFi
0x0000000001c77000 	/System/Library/PrivateFrameworks/FrontBoardServices.framework/Versions/A/FrontBoardServices
0x0000000001c77000 	/System/Library/PrivateFrameworks/BoardServices.framework/Versions/A/BoardServices
0x0000000001c77000 	/System/Library/PrivateFrameworks/AssertionServices.framework/Versions/A/AssertionServices
0x0000000001c77000 	/System/Library/PrivateFrameworks/BackBoardServices.framework/Versions/A/BackBoardServices
0x0000000001c77000 	/System/Library/PrivateFrameworks/CorePhoneNumbers.framework/Versions/A/CorePhoneNumbers
0x0000000001c77000 	/System/Library/PrivateFrameworks/DiskManagement.framework/Versions/A/DiskManagement
0x0000000001c77000 	/System/Library/PrivateFrameworks/AppleIDAuthSupport.framework/Versions/A/AppleIDAuthSupport
0x0000000001c77000 	/System/Library/PrivateFrameworks/AAAFoundation.framework/Versions/A/AAAFoundation
0x0000000001c77000 	/System/Library/PrivateFrameworks/KeychainCircle.framework/Versions/A/KeychainCircle
0x0000000001c77000 	/System/Library/PrivateFrameworks/MediaKit.framework/Versions/A/MediaKit
0x0000000001c77000 	/System/Library/Frameworks/DiscRecording.framework/Versions/A/DiscRecording
0x0000000001c77000 	/usr/lib/libCoreStorage.dylib
0x0000000001c77000 	/usr/lib/libcsfde.dylib
0x0000000001c77000 	/System/Library/PrivateFrameworks/ProtectedCloudStorage.framework/Versions/A/ProtectedCloudStorage
0x0000000001c77000 	/System/Library/PrivateFrameworks/EFILogin.framework/Versions/A/EFILogin
0x0000000001c77000 	/System/Library/PrivateFrameworks/OctagonTrust.framework/Versions/A/OctagonTrust
0x0000000001c77000 	/System/Library/PrivateFrameworks/CoreUtilsExtras.framework/Versions/A/CoreUtilsExtras
0x0000000001c77000 	/System/Library/Frameworks/CoreBluetooth.framework/Versions/A/CoreBluetooth
0x0000000001c77000 	/System/Library/Frameworks/AudioUnit.framework/Versions/A/AudioUnit
0x0000000001c77000 	/usr/lib/libMatch.1.dylib
0x0000000001c77000 	/System/Library/Frameworks/Accelerate.framework/Versions/A/Frameworks/vImage.framework/Versions/A/Libraries/libCGInterfaces.dylib
0x0000000121cfa000 	/usr/lib/libobjc-trampolines.dylib
0x0000000001c77000 	/System/Library/PrivateFrameworks/FamilyControls.framework/Versions/A/FamilyControls
0x0000000001c77000 	/System/Library/PrivateFrameworks/CommerceKit.framework/Versions/A/Frameworks/CommerceCore.framework/Versions/A/CommerceCore
0x0000000001c77000 	/System/Library/PrivateFrameworks/SystemAdministration.framework/Versions/A/SystemAdministration
0x0000000001c77000 	/System/Library/PrivateFrameworks/AppContainer.framework/Versions/A/AppContainer
0x0000000001c77000 	/System/Library/PrivateFrameworks/SecCodeWrapper.framework/Versions/A/SecCodeWrapper
0x0000000001c77000 	/System/Library/PrivateFrameworks/CrashReporterSupport.framework/Versions/A/CrashReporterSupport
0x0000000001c77000 	/System/Library/PrivateFrameworks/OSAnalytics.framework/Versions/A/OSAnalytics
0x0000000001c77000 	/System/Library/PrivateFrameworks/Symbolication.framework/Versions/A/Symbolication
0x0000000001c77000 	/System/Library/PrivateFrameworks/MallocStackLogging.framework/Versions/A/MallocStackLogging
0x0000000001c77000 	/System/Library/PrivateFrameworks/login.framework/Versions/A/login
0x0000000001c77000 	/System/Library/Frameworks/MediaToolbox.framework/Versions/A/MediaToolbox
0x0000000001c77000 	/System/Library/Frameworks/DirectoryService.framework/Versions/A/DirectoryService
0x0000000001c77000 	/System/Library/PrivateFrameworks/DiskImages.framework/Versions/A/DiskImages
0x0000000001c77000 	/System/Library/Frameworks/ServiceManagement.framework/Versions/A/ServiceManagement
0x0000000001c77000 	/System/Library/PrivateFrameworks/LoginUIKit.framework/Versions/A/Frameworks/LoginUICore.framework/Versions/A/LoginUICore
0x0000000001c77000 	/usr/lib/libodfde.dylib
0x0000000001c77000 	/System/Library/PrivateFrameworks/CoreAVCHD.framework/Versions/A/CoreAVCHD
0x0000000001c77000 	/System/Library/Frameworks/MediaAccessibility.framework/Versions/A/MediaAccessibility
0x0000000001c77000 	/System/Library/PrivateFrameworks/Mangrove.framework/Versions/A/Mangrove
0x0000000001c77000 	/System/Library/PrivateFrameworks/AlgosScoreFramework.framework/Versions/A/AlgosScoreFramework
0x0000000001c77000 	/System/Library/PrivateFrameworks/CMPhoto.framework/Versions/A/CMPhoto
0x0000000001c77000 	/System/Library/PrivateFrameworks/AppleVPA.framework/Versions/A/AppleVPA
0x0000000001c77000 	/System/Library/PrivateFrameworks/CoreAUC.framework/Versions/A/CoreAUC
0x0000000001c77000 	/usr/lib/libcurl.4.dylib
0x0000000001c77000 	/usr/lib/libcrypto.46.dylib
0x0000000001c77000 	/usr/lib/libssl.48.dylib
0x0000000001c77000 	/System/Library/Frameworks/LDAP.framework/Versions/A/LDAP
0x0000000001c77000 	/System/Library/PrivateFrameworks/TrustEvaluationAgent.framework/Versions/A/TrustEvaluationAgent
0x0000000001c77000 	/usr/lib/libsasl2.2.dylib
0x0000000001c77000 	/System/Library/PrivateFrameworks/CoreDaemon.framework/Versions/B/CoreDaemon
0x0000000001c77000 	/System/Library/PrivateFrameworks/AppleSRP.framework/Versions/A/AppleSRP
0x0000000001c77000 	/System/Library/PrivateFrameworks/ViewBridge.framework/Versions/A/ViewBridge
0x0000000124281000 	/Library/Java/JavaVirtualMachines/jdk1.8.0_111.jdk/Contents/Home/jre/lib/libnet.dylib
0x00000001244e4000 	/Library/Java/JavaVirtualMachines/jdk1.8.0_111.jdk/Contents/Home/jre/lib/libsunec.dylib
0x00000001244cc000 	/Library/Java/JavaVirtualMachines/jdk1.8.0_111.jdk/Contents/Home/jre/lib/libnio.dylib
0x0000000001c77000 	/usr/lib/libRosetta.dylib
0x0000000124b0c000 	/Library/Java/JavaVirtualMachines/jdk1.8.0_111.jdk/Contents/Home/jre/lib/libjavafx_font.dylib
0x0000000125f55000 	/Library/Java/JavaVirtualMachines/jdk1.8.0_111.jdk/Contents/Home/jre/lib/libprism_common.dylib

VM Arguments:
jvm_args: -Dfile.encoding=UTF-8 
java_command: /Users/abenezertsegaye/NetBeansProjects/AbenezerTsegayeC189/dist/run1443423965/AbenezerTsegayeC195.jar
java_class_path (initial): /Users/abenezertsegaye/NetBeansProjects/AbenezerTsegayeC189/dist/run1443423965/AbenezerTsegayeC195.jar
Launcher Type: SUN_STANDARD

Environment Variables:
PATH=/usr/bin:/bin:/usr/sbin:/sbin
LD_LIBRARY_PATH=/Library/Java/JavaVirtualMachines/jdk1.8.0_111.jdk/Contents/Home/jre/lib/amd64:/Library/Java/JavaVirtualMachines/jdk1.8.0_111.jdk/Contents/Home/jre/lib/i386:
SHELL=/bin/bash
DISPLAY=/private/tmp/com.apple.launchd.ypxKoxaVml/org.macosforge.xquartz:0

Signal Handlers:
SIGSEGV: [libjvm.dylib+0x5b03ed], sa_mask[0]=11111111011111110111111111111111, sa_flags=SA_ONSTACK|SA_RESTART|SA_SIGINFO
SIGBUS: [libjvm.dylib+0x5b03ed], sa_mask[0]=11111111011111110111111111111111, sa_flags=SA_RESTART|SA_SIGINFO
SIGFPE: [libjvm.dylib+0x48711c], sa_mask[0]=11111111011111110111111111111111, sa_flags=SA_RESTART|SA_SIGINFO
SIGPIPE: [libjvm.dylib+0x48711c], sa_mask[0]=11111111011111110111111111111111, sa_flags=SA_RESTART|SA_SIGINFO
SIGXFSZ: [libjvm.dylib+0x48711c], sa_mask[0]=11111111011111110111111111111111, sa_flags=SA_RESTART|SA_SIGINFO
SIGILL: [libjvm.dylib+0x48711c], sa_mask[0]=11111111011111110111111111111111, sa_flags=SA_RESTART|SA_SIGINFO
SIGUSR1: SIG_DFL, sa_mask[0]=00000000000000000000000000000000, sa_flags=none
SIGUSR2: [libjvm.dylib+0x486c3a], sa_mask[0]=00100000000000000000000000000000, sa_flags=SA_RESTART|SA_SIGINFO
SIGHUP: [libjvm.dylib+0x485211], sa_mask[0]=11111111011111110111111111111111, sa_flags=SA_RESTART|SA_SIGINFO
SIGINT: SIG_IGN, sa_mask[0]=00000000000000000000000000000000, sa_flags=none
SIGTERM: [libjvm.dylib+0x485211], sa_mask[0]=11111111011111110111111111111111, sa_flags=SA_RESTART|SA_SIGINFO
SIGQUIT: [libjvm.dylib+0x485211], sa_mask[0]=11111111011111110111111111111111, sa_flags=SA_RESTART|SA_SIGINFO


---------------  S Y S T E M  ---------------

OS:Bsduname:Darwin 21.4.0 Darwin Kernel Version 21.4.0: Mon Feb 21 20:34:37 PST 2022; root:xnu-8020.101.4~2/RELEASE_X86_64 x86_64
rlimit: STACK 8192k, CORE 0k, NPROC 1392, NOFILE 10240, AS infinity
load average:5.52 3.85 4.37

CPU:total 4 (2 cores per cpu, 2 threads per core) family 6 model 78 stepping 3, cmov, cx8, fxsr, mmx, sse, sse2, sse3, ssse3, sse4.1, sse4.2, popcnt, avx, avx2, aes, clmul, erms, rtm, 3dnowpref, lzcnt, ht, tsc, tscinvbit, bmi1, bmi2, adx

Memory: 4k page, physical 8388608k(21064k free)

/proc/meminfo:


vm_info: Java HotSpot(TM) 64-Bit Server VM (25.111-b14) for bsd-amd64 JRE (1.8.0_111-b14), built on Sep 22 2016 15:31:41 by "java_re" with gcc 4.2.1 (Based on Apple Inc. build 5658) (LLVM build 2336.11.00)

time: Sat Dec  3 03:55:31 2022
elapsed time: 8 seconds (0d 0h 0m 8s)

